[13:37:32] [Server thread/INFO]: Starting minecraft server version 1.12.2
[13:37:32] [Server thread/INFO]: Loading properties
[13:37:32] [Server thread/INFO]: Default game type: SURVIVAL
[13:37:32] [Server thread/INFO]: This server is running CraftBukkit version git-Spigot-79a30d7-acbc348 (MC: 1.12.2) (Implementing API version 1.12.2-R0.1-SNAPSHOT)
[13:37:32] [Server thread/INFO]: Debug logging is disabled
[13:37:32] [Server thread/INFO]: Server Ping Player Sample Count: 12

[13:37:32] [Server thread/INFO]: Using 4 threads for Netty based IO
[13:37:32] [Server thread/INFO]: Generating keypair
[13:37:33] [Server thread/INFO]: Starting Minecraft server on localhost:25565
[13:37:33] [Server thread/INFO]: Using default channel type
[13:37:33] [Server thread/INFO]: Set PluginClassLoader as parallel capable
[13:37:34] [Server thread/INFO]: [SimpleTpa] Loading SimpleTpa v7.6
[13:37:34] [Server thread/INFO]: [WorldEdit] Loading WorldEdit v6.1.9;caf0ad9
[13:37:34] [Server thread/INFO]: [PCGF_PluginLib] Loading PCGF_PluginLib v1.0.39.8-SNAPSHOT-T20250102182110
[13:37:34] [Server thread/INFO]: [UberEnchant] Loading UberEnchant v7.7
[13:37:34] [Server thread/INFO]: [Minepacks] Loading Minepacks v2.4.31.6-T20250103114036
[13:37:34] [Server thread/INFO]: [Minepacks] PCGF-PluginLib installed. Switching to normal mode!
[13:37:34] [Server thread/INFO]: [DecentHolograms] Loading DecentHolograms v2.8.15
[13:37:34] [Server thread/INFO]: [LoginSecurity] Loading LoginSecurity v3.3.0
[13:37:34] [Server thread/INFO]: [SimpleHomes] Loading SimpleHomes v2.2
[13:37:34] [Server thread/INFO]: [ViaVersion] Loading ViaVersion v5.2.1
[13:37:34] [Server thread/INFO]: [ViaVersion] ViaVersion 5.2.1 is now loaded. Registering protocol transformers and injecting...
[13:37:34] [Via-Mappingloader-0/INFO]: [ViaVersion] Loading block connection mappings ...
[13:37:35] [Server thread/INFO]: [ViaBackwards] Loading translations...
[13:37:35] [Server thread/INFO]: [ViaBackwards] Registering protocols...
[13:37:35] [Server thread/INFO]: [ViaRewind] Registering protocols...
[13:37:35] [Server thread/INFO]: [CS-CoreLib] Loading CS-CoreLib vv1.6
[13:37:35] [Server thread/INFO]: [ViaBackwards] Loading ViaBackwards v5.2.1
[13:37:35] [Server thread/INFO]: [WorldGuard] Loading WorldGuard v6.2.2-SNAPSHOT;8eeab68
[13:37:35] [Server thread/INFO]: [ViaRewind] Loading ViaRewind v4.0.5
[13:37:35] [Server thread/INFO]: [LuckPerms] Loading LuckPerms v5.4.131
[13:37:36] [Server thread/INFO]: [Slimefun] Loading Slimefun vv4.1.15
[13:37:36] [Server thread/INFO]: [CristichiTreeCapitator] Loading CristichiTreeCapitator v3.0.1
[13:37:36] [Server thread/INFO]: [Vault] Loading Vault v1.7.3-b131
[13:37:36] [Server thread/INFO]: [Essentials] Loading Essentials v2.21.0-dev+189-eab2201
[13:37:36] [Server thread/INFO]: [EssentialsChat] Loading EssentialsChat v2.21.0-dev+189-eab2201
[13:37:36] [Server thread/INFO]: [EconomyShopGUI] Loading EconomyShopGUI v6.11.1
[13:37:36] [Server thread/INFO]: [EssentialsSpawn] Loading EssentialsSpawn v2.21.0-dev+189-eab2201
[13:37:36] [Server thread/INFO]: [ViaRewind] Enabling ViaRewind v4.0.5
[13:37:36] [Server thread/INFO]: [LuckPerms] Enabling LuckPerms v5.4.131
[13:37:36] [Server thread/INFO]: [0;36;1m       [0;36;22m __    [m

[13:37:36] [Server thread/INFO]: [0;36;1m  |    [0;36;22m|__)   [0;32;22mLuckPerms[m [0;36;1mv5.4.131[m

[13:37:36] [Server thread/INFO]: [0;36;1m  |___ [0;36;22m|      [0;30;1mRunning on Bukkit - CraftBukkit[m

[13:37:36] [Server thread/INFO]: [m

[13:37:36] [Server thread/INFO]: [LuckPerms] Loading configuration...
[13:37:36] [Server thread/INFO]: [LuckPerms] Loading storage provider... [H2]
[13:37:37] [Server thread/INFO]: [LuckPerms] Loading internal permission managers...
[13:37:37] [Server thread/INFO]: [LuckPerms] Performing initial data load...
[13:37:38] [Server thread/INFO]: [LuckPerms] Successfully enabled. (took 1718ms)
[13:37:38] [Server thread/INFO]: [Vault] Enabling Vault v1.7.3-b131
[13:37:38] [Server thread/INFO]: [Vault] [Economy] Essentials Economy found: Waiting
[13:37:38] [Server thread/INFO]: [Vault] [Permission] SuperPermissions loaded as backup permission system.
[13:37:38] [Server thread/INFO]: [Vault] Enabled Version 1.7.3-b131
[13:37:38] [Server thread/INFO]: [LuckPerms] Registered Vault permission & chat hook.
[13:37:38] [Server thread/WARN]: **** SERVER IS RUNNING IN OFFLINE/INSECURE MODE!
[13:37:38] [Server thread/WARN]: The server will make no attempt to authenticate usernames. Beware.
[13:37:38] [Server thread/WARN]: While this makes the game possible to play without internet access, it also opens up the ability for hackers to connect with any username they choose.
[13:37:38] [Server thread/WARN]: To change this, set "online-mode" to "true" in the server.properties file.
[13:37:38] [Server thread/INFO]: **** Beginning UUID conversion, this may take A LONG time ****
[13:37:38] [Server thread/INFO]: Preparing level "world"
[13:37:38] [Server thread/INFO]: -------- World Settings For [world] --------
[13:37:38] [Server thread/INFO]: Mob Spawn Range: 4
[13:37:38] [Server thread/INFO]: Cactus Growth Modifier: 100%
[13:37:38] [Server thread/INFO]: Cane Growth Modifier: 100%
[13:37:38] [Server thread/INFO]: Melon Growth Modifier: 100%
[13:37:38] [Server thread/INFO]: Mushroom Growth Modifier: 100%
[13:37:38] [Server thread/INFO]: Pumpkin Growth Modifier: 100%
[13:37:38] [Server thread/INFO]: Sapling Growth Modifier: 100%
[13:37:38] [Server thread/INFO]: Wheat Growth Modifier: 100%
[13:37:38] [Server thread/INFO]: NetherWart Growth Modifier: 100%
[13:37:38] [Server thread/INFO]: Vine Growth Modifier: 100%
[13:37:38] [Server thread/INFO]: Cocoa Growth Modifier: 100%
[13:37:38] [Server thread/INFO]: Entity Activation Range: An 32 / Mo 32 / Mi 16 / Tiv true
[13:37:38] [Server thread/INFO]: Entity Tracking Range: Pl 48 / An 48 / Mo 48 / Mi 32 / Other 64
[13:37:38] [Server thread/INFO]: Hopper Transfer: 8 Hopper Check: 1 Hopper Amount: 1
[13:37:38] [Server thread/INFO]: Random Lighting Updates: false
[13:37:38] [Server thread/INFO]: Structure Info Saving: true
[13:37:38] [Server thread/INFO]: Custom Map Seeds:  Village: 10387312 Feature: 14357617 Monument: 10387313 Slime: 987234911
[13:37:38] [Server thread/INFO]: Max TNT Explosions: 100
[13:37:38] [Server thread/INFO]: Tile Max Tick Time: 50ms Entity max Tick Time: 50ms
[13:37:38] [Server thread/INFO]: Allow Zombie Pigmen to spawn from portal blocks: true
[13:37:38] [Server thread/INFO]: Item Despawn Rate: 6000
[13:37:38] [Server thread/INFO]: Item Merge Radius: 2.5
[13:37:38] [Server thread/INFO]: Arrow Despawn Rate: 1200
[13:37:38] [Server thread/INFO]: View Distance: 4
[13:37:38] [Server thread/INFO]: Experience Merge Radius: 3.0
[13:37:38] [Server thread/INFO]: Zombie Aggressive Towards Villager: true
[13:37:38] [Server thread/INFO]: Nerfing mobs spawned from spawners: false
[13:37:39] [Server thread/INFO]: -------- World Settings For [world_nether] --------
[13:37:39] [Server thread/INFO]: Mob Spawn Range: 4
[13:37:39] [Server thread/INFO]: Cactus Growth Modifier: 100%
[13:37:39] [Server thread/INFO]: Cane Growth Modifier: 100%
[13:37:39] [Server thread/INFO]: Melon Growth Modifier: 100%
[13:37:39] [Server thread/INFO]: Mushroom Growth Modifier: 100%
[13:37:39] [Server thread/INFO]: Pumpkin Growth Modifier: 100%
[13:37:39] [Server thread/INFO]: Sapling Growth Modifier: 100%
[13:37:39] [Server thread/INFO]: Wheat Growth Modifier: 100%
[13:37:39] [Server thread/INFO]: NetherWart Growth Modifier: 100%
[13:37:39] [Server thread/INFO]: Vine Growth Modifier: 100%
[13:37:39] [Server thread/INFO]: Cocoa Growth Modifier: 100%
[13:37:39] [Server thread/INFO]: Entity Activation Range: An 32 / Mo 32 / Mi 16 / Tiv true
[13:37:39] [Server thread/INFO]: Entity Tracking Range: Pl 48 / An 48 / Mo 48 / Mi 32 / Other 64
[13:37:39] [Server thread/INFO]: Hopper Transfer: 8 Hopper Check: 1 Hopper Amount: 1
[13:37:39] [Server thread/INFO]: Random Lighting Updates: false
[13:37:39] [Server thread/INFO]: Structure Info Saving: true
[13:37:39] [Server thread/INFO]: Custom Map Seeds:  Village: 10387312 Feature: 14357617 Monument: 10387313 Slime: 987234911
[13:37:39] [Server thread/INFO]: Max TNT Explosions: 100
[13:37:39] [Server thread/INFO]: Tile Max Tick Time: 50ms Entity max Tick Time: 50ms
[13:37:39] [Server thread/INFO]: Allow Zombie Pigmen to spawn from portal blocks: true
[13:37:39] [Server thread/INFO]: Item Despawn Rate: 6000
[13:37:39] [Server thread/INFO]: Item Merge Radius: 2.5
[13:37:39] [Server thread/INFO]: Arrow Despawn Rate: 1200
[13:37:39] [Server thread/INFO]: View Distance: 4
[13:37:39] [Server thread/INFO]: Experience Merge Radius: 3.0
[13:37:39] [Server thread/INFO]: Zombie Aggressive Towards Villager: true
[13:37:39] [Server thread/INFO]: Nerfing mobs spawned from spawners: false
[13:37:39] [Server thread/INFO]: -------- World Settings For [world_the_end] --------
[13:37:39] [Server thread/INFO]: Mob Spawn Range: 4
[13:37:39] [Server thread/INFO]: Cactus Growth Modifier: 100%
[13:37:39] [Server thread/INFO]: Cane Growth Modifier: 100%
[13:37:39] [Server thread/INFO]: Melon Growth Modifier: 100%
[13:37:39] [Server thread/INFO]: Mushroom Growth Modifier: 100%
[13:37:39] [Server thread/INFO]: Pumpkin Growth Modifier: 100%
[13:37:39] [Server thread/INFO]: Sapling Growth Modifier: 100%
[13:37:39] [Server thread/INFO]: Wheat Growth Modifier: 100%
[13:37:39] [Server thread/INFO]: NetherWart Growth Modifier: 100%
[13:37:39] [Server thread/INFO]: Vine Growth Modifier: 100%
[13:37:39] [Server thread/INFO]: Cocoa Growth Modifier: 100%
[13:37:39] [Server thread/INFO]: Entity Activation Range: An 32 / Mo 32 / Mi 16 / Tiv true
[13:37:39] [Server thread/INFO]: Entity Tracking Range: Pl 48 / An 48 / Mo 48 / Mi 32 / Other 64
[13:37:39] [Server thread/INFO]: Hopper Transfer: 8 Hopper Check: 1 Hopper Amount: 1
[13:37:39] [Server thread/INFO]: Random Lighting Updates: false
[13:37:39] [Server thread/INFO]: Structure Info Saving: true
[13:37:39] [Server thread/INFO]: Custom Map Seeds:  Village: 10387312 Feature: 14357617 Monument: 10387313 Slime: 987234911
[13:37:39] [Server thread/INFO]: Max TNT Explosions: 100
[13:37:39] [Server thread/INFO]: Tile Max Tick Time: 50ms Entity max Tick Time: 50ms
[13:37:39] [Server thread/INFO]: Allow Zombie Pigmen to spawn from portal blocks: true
[13:37:39] [Server thread/INFO]: Item Despawn Rate: 6000
[13:37:39] [Server thread/INFO]: Item Merge Radius: 2.5
[13:37:39] [Server thread/INFO]: Arrow Despawn Rate: 1200
[13:37:39] [Server thread/INFO]: View Distance: 4
[13:37:39] [Server thread/INFO]: Experience Merge Radius: 3.0
[13:37:39] [Server thread/INFO]: Zombie Aggressive Towards Villager: true
[13:37:39] [Server thread/INFO]: Nerfing mobs spawned from spawners: false
[13:37:39] [Server thread/INFO]: Preparing start region for level 0 (Seed: 3363996879746144656)
[13:37:40] [Server thread/INFO]: Preparing spawn area: 7%
[13:37:41] [Server thread/INFO]: Preparing spawn area: 78%
[13:37:41] [Server thread/INFO]: Preparing start region for level 1 (Seed: 3363996879746144656)
[13:37:42] [Server thread/INFO]: Preparing spawn area: 87%
[13:37:42] [Server thread/INFO]: Preparing start region for level 2 (Seed: 3363996879746144656)
[13:37:42] [Server thread/INFO]: [SimpleTpa] Enabling SimpleTpa v7.6
[13:37:42] [Server thread/INFO]: [0;33;1m[21m[SimpleTpa] If you need support contact me at https://discord.gg/SZUkza9[m

[13:37:42] [Server thread/INFO]: [0;33;1m[21m[SimpleTpa] Simple Tpa has been enabled on version 7.6[m

[13:37:42] [Server thread/INFO]: Enabled metrics. You may opt-out by changing plugins/bStats/config.yml
[13:37:42] [Server thread/INFO]: [WorldEdit] Enabling WorldEdit v6.1.9;caf0ad9
[13:37:43] [Server thread/INFO]: WEPIF: Using the Bukkit Permissions API.
[13:37:43] [Server thread/INFO]: [WorldEdit] Using com.sk89q.worldedit.bukkit.adapter.impl.Spigot_v1_12_R2 as the Bukkit adapter
[13:37:43] [Server thread/INFO]: [PCGF_PluginLib] Enabling PCGF_PluginLib v1.0.39.8-SNAPSHOT-T20250102182110
[13:37:43] [Server thread/INFO]: [PCGF_PluginLib] [32mConfig file successfully loaded.[0m
[13:37:43] [Server thread/INFO]: [PCGF_PluginLib] [32mItem name language file successfully loaded. Language: english  Author: GeorgH93[0m
[13:37:43] [Server thread/INFO]: [PCGF_PluginLib] Loading item translations ...
[13:37:43] [Server thread/INFO]: [PCGF_PluginLib] Finished loading item translations for 692 items.
[13:37:43] [Server thread/INFO]: [PCGF_PluginLib] [32mLanguage file successfully loaded. Language: english  Author: GeorgH93[0m
[13:37:43] [Server thread/INFO]: [PCGF_PluginLib] [32m PCGF_PluginLib v1.0.39.8-SNAPSHOT-T20250102182110 has been enabled! [33m :) [0m
[13:37:43] [Server thread/INFO]: [UberEnchant] Enabling UberEnchant v7.7
[13:37:43] [Server thread/INFO]: [Minepacks] Enabling Minepacks v2.4.31.6-T20250103114036
[13:37:43] [Server thread/INFO]: [Minepacks] [32mConfig file successfully loaded.[0m
[13:37:43] [Server thread/INFO]: [Minepacks] [32mLanguage file successfully loaded. Language: english  Author: GeorgH93[0m
[13:37:43] [Server thread/WARN]: SLF4J: No SLF4J providers were found.

[13:37:43] [Server thread/WARN]: SLF4J: Defaulting to no-operation (NOP) logger implementation

[13:37:43] [Server thread/WARN]: SLF4J: See http://www.slf4j.org/codes.html#noProviders for further details.

[13:37:43] [Server thread/INFO]: [Minepacks] [32m Minepacks has been enabled! [33m :) [0m
[13:37:43] [Server thread/INFO]: [DecentHolograms] Enabling DecentHolograms v2.8.15
[13:37:43] [Server thread/INFO]: [NBTAPI] Found Minecraft: v1_12_R1! Trying to find NMS support
[13:37:43] [Server thread/INFO]: [NBTAPI] NMS support 'MC1_12_R1' loaded!
[13:37:43] [Server thread/INFO]: [NBTAPI] Using the plugin 'DecentHolograms' to create a bStats instance!
[13:37:43] [Server thread/INFO]: [LoginSecurity] Enabling LoginSecurity v3.3.0
[13:37:43] [Server thread/INFO]: [LoginSecurity] Loading base translations from "en_us"
[13:37:43] [Server thread/INFO]: [LoginSecurity] Loading specified translations from "en_us"
[13:37:43] [Server thread/INFO]: [LoginSecurity] Registering commands...
[13:37:43] [Server thread/INFO]: [LoginSecurity] Registering listeners...
[13:37:43] [Server thread/INFO]: [SimpleHomes] Enabling SimpleHomes v2.2
[13:37:43] [Server thread/INFO]: [ViaVersion] Enabling ViaVersion v5.2.1
[13:37:43] [Server thread/INFO]: [CS-CoreLib] Enabling CS-CoreLib vv1.6
[13:37:44] [Server thread/INFO]: [ViaBackwards] Enabling ViaBackwards v5.2.1
[13:37:44] [Server thread/INFO]: [WorldGuard] Enabling WorldGuard v6.2.2-SNAPSHOT;8eeab68
[13:37:44] [Server thread/INFO]: [WorldGuard] (world) TNT ignition is PERMITTED.
[13:37:44] [Server thread/INFO]: [WorldGuard] (world) Lighters are PERMITTED.
[13:37:44] [Server thread/INFO]: [WorldGuard] (world) Lava fire is blocked.
[13:37:44] [Server thread/INFO]: [WorldGuard] (world) Fire spread is UNRESTRICTED.
[13:37:44] [Server thread/INFO]: [WorldGuard] Loaded configuration for world 'world'
[13:37:44] [Server thread/INFO]: [WorldGuard] (world_nether) TNT ignition is PERMITTED.
[13:37:44] [Server thread/INFO]: [WorldGuard] (world_nether) Lighters are PERMITTED.
[13:37:44] [Server thread/INFO]: [WorldGuard] (world_nether) Lava fire is blocked.
[13:37:44] [Server thread/INFO]: [WorldGuard] (world_nether) Fire spread is UNRESTRICTED.
[13:37:44] [Server thread/INFO]: [WorldGuard] Loaded configuration for world 'world_nether'
[13:37:44] [Server thread/INFO]: [WorldGuard] (world_the_end) TNT ignition is PERMITTED.
[13:37:44] [Server thread/INFO]: [WorldGuard] (world_the_end) Lighters are PERMITTED.
[13:37:44] [Server thread/INFO]: [WorldGuard] (world_the_end) Lava fire is blocked.
[13:37:44] [Server thread/INFO]: [WorldGuard] (world_the_end) Fire spread is UNRESTRICTED.
[13:37:44] [Server thread/INFO]: [WorldGuard] Loaded configuration for world 'world_the_end'
[13:37:44] [Server thread/INFO]: [WorldGuard] Loading region data...
[13:37:44] [Server thread/INFO]: [Slimefun] Enabling Slimefun vv4.1.15
[13:37:44] [Server thread/INFO]: [Slimefun] Loading Files...

[13:37:44] [Server thread/INFO]: [Slimefun] Loading Config...

[13:37:44] [Server thread/INFO]: [Slimefun] Loading Items...

[13:37:44] [Server thread/INFO]: [Slimefun] Loading Researches...

[13:37:44] [Server thread/INFO]: [Slimefun] Loading World Generators...

[13:37:44] [Server thread/INFO]: [Slimefun - GEO] Registering Ore Gen: Oil

[13:37:44] [Server thread/INFO]: [Slimefun - GEO] Registering Ore Gen: Nether Ice

[13:37:45] [Server thread/INFO]: [Slimefun] Successfully hooked into WorldEdit!

[13:37:45] [Server thread/INFO]: [Slimefun] Finished!

[13:37:45] [Server thread/INFO]: [CristichiTreeCapitator] Enabling CristichiTreeCapitator v3.0.1
[13:37:45] [Server thread/INFO]: [CristichiTreeCapitator] Checking updates
[13:37:45] [Server thread/INFO]: [0;32;22m[CristichiTreeCapitator] [0;32;1mUpdate available (from v3.0.1 to v6.4.4), use /treecapitator update[m

[13:37:45] [Server thread/INFO]: [CristichiTreeCapitator] WorldGuard detected. Your most important trees are protected!
[13:37:45] [Server thread/INFO]: [CristichiTreeCapitator] Enabled
[13:37:45] [Server thread/INFO]: [Essentials] Enabling Essentials v2.21.0-dev+189-eab2201
[13:37:45] [Server thread/INFO]: You are running a server with limited API functionality. EssentialsX will still work, but certain features may be disabled.
[13:37:45] [Server thread/INFO]: Attempting to convert old kits in config.yml to new kits.yml
[13:37:45] [Server thread/INFO]: No kits found to migrate.
[13:37:45] [Server thread/INFO]: No provider found for SerializationProvider, but it is nullable
[13:37:45] [Server thread/INFO]: No provider found for ContainerProvider, but it is nullable
[13:37:45] [Server thread/INFO]: Selected Reflection Formatted Command Alias Provider as the provider for FormattedCommandAliasProvider
[13:37:45] [Server thread/INFO]: Selected Legacy InventoryView Abstract Class ABI Provider as the provider for InventoryViewProvider
[13:37:45] [Server thread/INFO]: No provider found for BiomeKeyProvider, but it is nullable
[13:37:45] [Server thread/INFO]: Selected 1.9-1.20.4 Potion Meta Provider as the provider for PotionMetaProvider
[13:37:45] [Server thread/INFO]: Selected 1.12+ Spawner Block Provider as the provider for SpawnerBlockProvider
[13:37:45] [Server thread/INFO]: No provider found for MaterialTagProvider, but it is nullable
[13:37:45] [Server thread/INFO]: Selected Reflection Server State Provider as the provider for ServerStateProvider
[13:37:45] [Server thread/INFO]: No provider found for TickCountProvider, but it is nullable
[13:37:45] [Server thread/INFO]: Selected Reflection Online Mode Provider as the provider for OnlineModeProvider
[13:37:45] [Server thread/INFO]: Selected 1.12.2+ Player Locale Provider as the provider for PlayerLocaleProvider
[13:37:45] [Server thread/INFO]: Selected Legacy Banner Meta Provider as the provider for BannerDataProvider
[13:37:45] [Server thread/INFO]: Selected Reflection Known Commands Provider as the provider for KnownCommandsProvider
[13:37:45] [Server thread/INFO]: Selected Fixed Height World Info Provider as the provider for WorldInfoProvider
[13:37:45] [Server thread/INFO]: Selected Reflection Persistent Data Container Provider as the provider for PersistentDataProvider
[13:37:45] [Server thread/INFO]: Selected Reflection Sync Commands Provider as the provider for SyncCommandsProvider
[13:37:45] [Server thread/INFO]: No provider found for SignDataProvider, but it is nullable
[13:37:45] [Server thread/INFO]: Selected 1.11+ Item Unbreakable Provider as the provider for ItemUnbreakableProvider
[13:37:45] [Server thread/INFO]: Selected 1.8.3+ Spawner Item Provider as the provider for SpawnerItemProvider
[13:37:45] [Server thread/INFO]: Selected 1.9-1.12.2 Spawn Egg Provider as the provider for SpawnEggProvider
[13:37:45] [Server thread/INFO]: Selected Legacy Damage Event Provider as the provider for DamageEventProvider
[13:37:45] [Server thread/INFO]: Loaded 853 items from items.csv.
[13:37:45] [Server thread/INFO]: Using locale en
[13:37:45] [Server thread/INFO]: ServerListPingEvent: Spigot iterator API
[13:37:46] [Server thread/INFO]: Starting Metrics. Opt-out using the global bStats config.
[13:37:46] [Server thread/INFO]: [Vault] [Economy] Essentials Economy hooked.
[13:37:46] [Server thread/INFO]: Using Vault based permissions (LuckPerms)
[13:37:46] [Server thread/INFO]: [EssentialsChat] Enabling EssentialsChat v2.21.0-dev+189-eab2201
[13:37:46] [Server thread/INFO]: Starting Metrics. Opt-out using the global bStats config.
[13:37:46] [Server thread/INFO]: [EconomyShopGUI] Enabling EconomyShopGUI v6.11.1
[13:37:46] [Server thread/INFO]: [0;30;1m[[0;36;22mEconomyShopGUI[0;30;1m][m [0;30;1m[[0;37;22mINFO[0;30;1m][m: Using lang-en.yml as language file.[m

[13:37:46] [Server thread/INFO]: [0;30;1m[[0;36;22mEconomyShopGUI[0;30;1m][m [0;30;1m[[0;37;22mINFO[0;30;1m][m: Completed loading 18 section configs from /sections/[m

[13:37:46] [Server thread/INFO]: [0;30;1m[[0;36;22mEconomyShopGUI[0;30;1m][m [0;30;1m[[0;37;22mINFO[0;30;1m][m: Completed loading 18 shop configs from /shops/[m

[13:37:46] [Server thread/INFO]: [0;30;1m[[0;36;22mEconomyShopGUI[0;30;1m][m [0;30;1m[[0;37;22mINFO[0;30;1m][m: Updating Shop settings...[m

[13:37:46] [Server thread/INFO]: [0;30;1m[[0;36;22mEconomyShopGUI[0;30;1m][m [0;30;1m[[0;37;22mINFO[0;30;1m][m: Successfully hooked into Vault and using EssentialsX Economy as economy provider[m

[13:37:46] [Server thread/INFO]: [0;30;1m[[0;36;22mEconomyShopGUI[0;30;1m][m [0;30;1m[[0;37;22mINFO[0;30;1m][m: Completed loading 1 economy provider(s) for all 16 shop sections.[m

[13:37:46] [Server thread/INFO]: [0;30;1m[[0;36;22mEconomyShopGUI[0;30;1m][m [0;30;1m[[0;37;22mINFO[0;30;1m][m: Using minecraft version 1.12.2...[m

[13:37:46] [Server thread/INFO]: [0;30;1m[[0;36;22mEconomyShopGUI[0;30;1m][m [0;30;1m[[0;37;22mINFO[0;30;1m][m: Spawner provider set to AUTO in config[m

[13:37:46] [Server thread/INFO]: [0;30;1m[[0;36;22mEconomyShopGUI[0;30;1m][m [0;30;1m[[0;37;22mINFO[0;30;1m][m: Automatically searching for compatible spawner provider....[m

[13:37:46] [Server thread/INFO]: [0;30;1m[[0;36;22mEconomyShopGUI[0;30;1m][m [0;30;1m[[0;37;22mINFO[0;30;1m][m: Failed to automatically find compatible spawner provider, using default...[m

[13:37:46] [Server thread/INFO]: [0;30;1m[[0;36;22mEconomyShopGUI[0;30;1m][m [0;30;1m[[0;33;22mDEBUG[0;30;1m][m: This item material is not supported in this minecraft version.[m

[13:37:46] [Server thread/INFO]: [0;30;1m[[0;36;22mEconomyShopGUI[0;30;1m][m [0;30;1m[[0;31;1mWARN[0;30;1m][m: Item path in config.yml: spawner-break-tools.3[m

[13:37:46] [Server thread/INFO]: [0;30;1m[[0;36;22mEconomyShopGUI[0;30;1m][m [0;30;1m[[0;37;22mINFO[0;30;1m][m: Debug mode is enabled.[m

[13:37:46] [Server thread/INFO]: [0;30;1m[[0;36;22mEconomyShopGUI[0;30;1m][m [0;30;1m[[0;37;22mINFO[0;30;1m][m: Loading all items...[m

[13:37:46] [Server thread/INFO]: [0;30;1m[[0;36;22mEconomyShopGUI[0;30;1m][m [0;30;1m[[0;37;22mINFO[0;30;1m][m: Initialized - Took 747ms to complete[m

[13:37:47] [Server thread/INFO]: [EssentialsSpawn] Enabling EssentialsSpawn v2.21.0-dev+189-eab2201
[13:37:47] [Server thread/INFO]: Starting Metrics. Opt-out using the global bStats config.
[13:37:47] [Server thread/INFO]: Server permissions file permissions.yml is empty, ignoring it
[13:37:47] [Server thread/INFO]: Done (9.142s)! For help, type "help" or "?"
[13:37:47] [ESGUI_UTIL_THREAD #0/WARN]: Invalid version numbering for 'v6.11.1'
[13:37:47] [Server thread/INFO]: [ViaVersion] ViaVersion detected server version: 1.12.2 (340)
[13:37:47] [Server thread/WARN]: [ViaVersion] This version of Minecraft is extremely outdated and support for it has reached its end of life. You will still be able to run Via on this Minecraft version, but we will prioritize issues with legacy Minecraft versions less. Please consider updating to give your players a better experience and to avoid issues that have long been fixed.
[13:37:47] [Server thread/WARN]: [CS-CoreLib] Task #21 for CS-CoreLib vv1.6 generated an exception
java.lang.NoClassDefFoundError: com/sk89q/worldguard/WorldGuard
	at me.mrCookieSlime.CSCoreLibPlugin.protection.modules.WorldGuardProtectionModule.<clinit>(WorldGuardProtectionModule.java:18) ~[?:?]
	at me.mrCookieSlime.CSCoreLibPlugin.protection.ProtectionManager.<init>(ProtectionManager.java:37) ~[?:?]
	at me.mrCookieSlime.CSCoreLibPlugin.CSCoreLib$2.run(CSCoreLib.java:115) ~[?:?]
	at org.bukkit.craftbukkit.v1_12_R1.scheduler.CraftTask.run(CraftTask.java:76) ~[server.jar:git-Spigot-79a30d7-acbc348]
	at org.bukkit.craftbukkit.v1_12_R1.scheduler.CraftScheduler.mainThreadHeartbeat(CraftScheduler.java:361) ~[server.jar:git-Spigot-79a30d7-acbc348]
	at net.minecraft.server.v1_12_R1.MinecraftServer.D(MinecraftServer.java:739) ~[server.jar:git-Spigot-79a30d7-acbc348]
	at net.minecraft.server.v1_12_R1.DedicatedServer.D(DedicatedServer.java:406) ~[server.jar:git-Spigot-79a30d7-acbc348]
	at net.minecraft.server.v1_12_R1.MinecraftServer.C(MinecraftServer.java:679) ~[server.jar:git-Spigot-79a30d7-acbc348]
	at net.minecraft.server.v1_12_R1.MinecraftServer.run(MinecraftServer.java:577) ~[server.jar:git-Spigot-79a30d7-acbc348]
	at java.lang.Thread.run(Thread.java:1583) [?:?]
Caused by: java.lang.ClassNotFoundException: com.sk89q.worldguard.WorldGuard
	at java.net.URLClassLoader.findClass(URLClassLoader.java:445) ~[?:?]
	at org.bukkit.plugin.java.PluginClassLoader.findClass(PluginClassLoader.java:152) ~[server.jar:git-Spigot-79a30d7-acbc348]
	at org.bukkit.plugin.java.PluginClassLoader.findClass(PluginClassLoader.java:100) ~[server.jar:git-Spigot-79a30d7-acbc348]
	at java.lang.ClassLoader.loadClass(ClassLoader.java:593) ~[?:?]
	at java.lang.ClassLoader.loadClass(ClassLoader.java:526) ~[?:?]
	... 10 more
[13:37:47] [Server thread/INFO]: [0;34;22m###################### - Slimefun - ######################[m

[13:37:47] [Server thread/INFO]: [0;34;22mSuccessfully loaded 467 Items (225 Researches)[m

[13:37:47] [Server thread/INFO]: [0;34;22m( 467 Items from Slimefun, 0 Items from Addons )[m

[13:37:47] [Server thread/INFO]: [0;34;22m##########################################################[m

[13:37:47] [Server thread/INFO]: [Slimefun] Loading Blocks for World "world"

[13:37:47] [Server thread/INFO]: [Slimefun] This may take a long time...

[13:37:47] [Server thread/INFO]: [Slimefun] Loading Blocks... 100% (FINISHED - 1ms)

[13:37:47] [Server thread/INFO]: [Slimefun] Loaded a total of 0 Blocks for World "world"

[13:37:47] [Server thread/INFO]: [Slimefun] Loading Blocks for World "world_nether"

[13:37:47] [Server thread/INFO]: [Slimefun] This may take a long time...

[13:37:47] [Server thread/INFO]: [Slimefun] Loading Blocks... 100% (FINISHED - 0ms)

[13:37:47] [Server thread/INFO]: [Slimefun] Loaded a total of 0 Blocks for World "world_nether"

[13:37:47] [Server thread/INFO]: [Slimefun] Loading Blocks for World "world_the_end"

[13:37:47] [Server thread/INFO]: [Slimefun] This may take a long time...

[13:37:47] [Server thread/INFO]: [Slimefun] Loading Blocks... 100% (FINISHED - 0ms)

[13:37:47] [Server thread/INFO]: [Slimefun] Loaded a total of 0 Blocks for World "world_the_end"

[13:37:47] [Server thread/INFO]: Essentials found a compatible payment resolution method: Vault Compatibility Layer (v1.7.3-b131)!
[13:37:47] [Craft Scheduler Thread - 4/INFO]: [Vault] Checking for Updates ... 
[13:37:47] [Craft Scheduler Thread - 3/INFO]: [ViaVersion] Finished mapping loading, shutting down loader executor.
[13:37:47] [Craft Scheduler Thread - 1/INFO]: ยง6Fetching version information...
[13:37:47] [Craft Scheduler Thread - 4/INFO]: [Vault] No new version available
[13:37:47] [Thread-12/INFO]: [CS-CoreLib - Updater] Slimefun is up to date!

